  Terrain.cpp
C:\Users\User\source\repos\ProcGen\ProcGen\PerlinNoise.h(23,38): warning C4244: 'argument': conversion from 'double' to 'int', possible loss of data
C:\Users\User\source\repos\ProcGen\ProcGen\PerlinNoise.h(23,31): warning C4244: 'argument': conversion from 'double' to 'int', possible loss of data
C:\Users\User\source\repos\ProcGen\ProcGen\PerlinNoise.h(23,63): warning C4244: 'argument': conversion from 'double' to 'int', possible loss of data
C:\Users\User\source\repos\ProcGen\ProcGen\PerlinNoise.h(23,56): warning C4244: 'argument': conversion from 'double' to 'int', possible loss of data
C:\Users\User\source\repos\ProcGen\ProcGen\PerlinNoise.h(23,88): warning C4244: 'argument': conversion from 'double' to 'int', possible loss of data
C:\Users\User\source\repos\ProcGen\ProcGen\PerlinNoise.h(23,81): warning C4244: 'argument': conversion from 'double' to 'int', possible loss of data
C:\Users\User\source\repos\ProcGen\ProcGen\PerlinNoise.h(23,113): warning C4244: 'argument': conversion from 'double' to 'int', possible loss of data
C:\Users\User\source\repos\ProcGen\ProcGen\PerlinNoise.h(23,106): warning C4244: 'argument': conversion from 'double' to 'int', possible loss of data
C:\Users\User\source\repos\ProcGen\ProcGen\PerlinNoise.h(24,34): warning C4244: 'argument': conversion from 'double' to 'int', possible loss of data
C:\Users\User\source\repos\ProcGen\ProcGen\PerlinNoise.h(24,29): warning C4244: 'argument': conversion from 'double' to 'int', possible loss of data
C:\Users\User\source\repos\ProcGen\ProcGen\PerlinNoise.h(24,55): warning C4244: 'argument': conversion from 'double' to 'int', possible loss of data
C:\Users\User\source\repos\ProcGen\ProcGen\PerlinNoise.h(24,50): warning C4244: 'argument': conversion from 'double' to 'int', possible loss of data
C:\Users\User\source\repos\ProcGen\ProcGen\PerlinNoise.h(24,74): warning C4244: 'argument': conversion from 'double' to 'int', possible loss of data
C:\Users\User\source\repos\ProcGen\ProcGen\PerlinNoise.h(24,69): warning C4244: 'argument': conversion from 'double' to 'int', possible loss of data
C:\Users\User\source\repos\ProcGen\ProcGen\PerlinNoise.h(24,95): warning C4244: 'argument': conversion from 'double' to 'int', possible loss of data
C:\Users\User\source\repos\ProcGen\ProcGen\PerlinNoise.h(24,90): warning C4244: 'argument': conversion from 'double' to 'int', possible loss of data
C:\Users\User\source\repos\ProcGen\ProcGen\PerlinNoise.h(25,30): warning C4244: 'argument': conversion from 'double' to 'int', possible loss of data
C:\Users\User\source\repos\ProcGen\ProcGen\PerlinNoise.h(25,27): warning C4244: 'argument': conversion from 'double' to 'int', possible loss of data
C:\Users\User\source\repos\ProcGen\ProcGen\Terrain.cpp(172,20): warning C4018: '<': signed/unsigned mismatch
C:\Users\User\source\repos\ProcGen\ProcGen\Terrain.cpp(173,21): warning C4018: '<': signed/unsigned mismatch
C:\Users\User\source\repos\ProcGen\ProcGen\Terrain.cpp(179,19): warning C4244: 'argument': conversion from 'double' to 'const _Ty', possible loss of data
          with
          [
              _Ty=unsigned char
          ]
C:\Users\User\source\repos\ProcGen\ProcGen\Terrain.cpp(180,19): warning C4244: 'argument': conversion from 'double' to 'const _Ty', possible loss of data
          with
          [
              _Ty=unsigned char
          ]
C:\Users\User\source\repos\ProcGen\ProcGen\Terrain.cpp(181,19): warning C4244: 'argument': conversion from 'double' to 'const _Ty', possible loss of data
          with
          [
              _Ty=unsigned char
          ]
  ProcGen.vcxproj -> C:\Users\User\source\repos\ProcGen\Debug\ProcGen.exe
